0 info it worked if it ends with ok
1 verbose cli [ 'C:\\Program Files (x86)\\nodejs\\node.exe',
1 verbose cli   'C:\\Program Files (x86)\\nodejs\\node_modules\\npm\\bin\\npm-cli.js',
1 verbose cli   'run',
1 verbose cli   'build-css' ]
2 info using npm@2.14.20
3 info using node@v4.4.0
4 verbose run-script [ 'prebuild-css', 'build-css', 'postbuild-css' ]
5 info prebuild-css jarbouvic-hugo@0.1.0
6 verbose unsafe-perm in lifecycle true
7 info build-css jarbouvic-hugo@0.1.0
8 verbose unsafe-perm in lifecycle true
9 info jarbouvic-hugo@0.1.0 Failed to exec build-css script
10 verbose stack Error: jarbouvic-hugo@0.1.0 build-css: `postcss --use autoprefixer --autoprefixer.browsers 'last 2 version' dist/css/style.css`
10 verbose stack Exit status 1
10 verbose stack     at EventEmitter.<anonymous> (C:\Program Files (x86)\nodejs\node_modules\npm\lib\utils\lifecycle.js:214:16)
10 verbose stack     at emitTwo (events.js:87:13)
10 verbose stack     at EventEmitter.emit (events.js:172:7)
10 verbose stack     at ChildProcess.<anonymous> (C:\Program Files (x86)\nodejs\node_modules\npm\lib\utils\spawn.js:24:14)
10 verbose stack     at emitTwo (events.js:87:13)
10 verbose stack     at ChildProcess.emit (events.js:172:7)
10 verbose stack     at maybeClose (internal/child_process.js:827:16)
10 verbose stack     at Process.ChildProcess._handle.onexit (internal/child_process.js:211:5)
11 verbose pkgid jarbouvic-hugo@0.1.0
12 verbose cwd C:\Hugo\jarbouvic-hugo
13 error Windows_NT 10.0.14393
14 error argv "C:\\Program Files (x86)\\nodejs\\node.exe" "C:\\Program Files (x86)\\nodejs\\node_modules\\npm\\bin\\npm-cli.js" "run" "build-css"
15 error node v4.4.0
16 error npm  v2.14.20
17 error code ELIFECYCLE
18 error jarbouvic-hugo@0.1.0 build-css: `postcss --use autoprefixer --autoprefixer.browsers 'last 2 version' dist/css/style.css`
18 error Exit status 1
19 error Failed at the jarbouvic-hugo@0.1.0 build-css script 'postcss --use autoprefixer --autoprefixer.browsers 'last 2 version' dist/css/style.css'.
19 error This is most likely a problem with the jarbouvic-hugo package,
19 error not with npm itself.
19 error Tell the author that this fails on your system:
19 error     postcss --use autoprefixer --autoprefixer.browsers 'last 2 version' dist/css/style.css
19 error You can get information on how to open an issue for this project with:
19 error     npm bugs jarbouvic-hugo
19 error Or if that isn't available, you can get their info via:
19 error
19 error     npm owner ls jarbouvic-hugo
19 error There is likely additional logging output above.
20 verbose exit [ 1, true ]
